1694: the
794: to
793: and
678: a
604: of
489: she
422: said
405: in
365: it
332: was
306: you
248: I
246: as
230: that
225: with
224: Alice
209: at
207: her
177: had
171: all
158: be
147: on
143: for
140: or
128: very
127: this
123: not
122: little
120: "I
111: they
107: so
105: but
103: out
100: The
95: his
93: he
91: about
91: what
90: is
86: up
82: one
82: were
81: by
81: down
78: Project
77: have
77: went
75: like
73: Alice,
72: if
72: into
72: no
70: would
68: any
67: when
65: could
63: are
63: its
63: your
62: thought
60: do
59: And
58: Alice.
58: Mock
58: an
55: my
54: quite
54: who
53: Gutenberg-tm
53: from
52: them
50: see
50: some
50: their
50: then
49: did
49: must
49: such
48: don't
47: looked
46: began
46: know
45: got
45: me
45: only
45: time
45: which
44: there
43: get
43: just
43: off
42: it,
41: much
41: other
40: came
40: herself
40: how
40: way
39: "and
39: go
39: more
39: never
39: work
38: Queen
38: can
37: great
36: I'm
36: Turtle
36: been
36: think
35: after
35: thing
34: say
33: "What
33: She
33: large
32: long
32: made
32: put
32: round
32: will
32: without
31: March
31: found
31: over
30: again,
30: back
30: herself,
30: looking
30: should
30: upon
29: "You
29: Rabbit
29: first
29: heard
29: make
28: head
28: may
28: well
27: King
27: electronic
27: might
27: said,
27: seemed
26: him
26: last
26: poor
26: rather
26: tell
26: than
25: "It
25: going
25: it's
25: look
25: now
25: on,
25: use
25: we
25: you,
24: Hatter
24: set
24: three
23: Dormouse
23: I'll
23: So
23: added
23: can't
23: felt
23: good
23: shall
23: soon
23: too
23: took
22: "But
22: another
22: come
22: half
22: next
22: right
22: same
22: two
22: wish
22: works
21: There
21: White
21: and,
21: getting
21: nothing
21: things
21: under
21: won't
20: "Well,
20: *
20: Gryphon
20: I've
20: before
20: find
20: moment
20: terms
20: them,
20: till
19: "I'm
19: "Oh,
19: "but
19: Gutenberg
19: This
19: being
19: it,"
19: once
19: voice
18: "And
18: THE
18: You
18: away
18: cried
18: even
18: eyes
18: her,
18: take
18: tried
18: turned
17: "It's
17: Gryphon.
17: If
17: It
17: Mouse
17: Queen,
17: both
17: it.
17: sure
17: this,
16: "That's
16: "The
16: Hare
16: again
16: again.
16: anything
16: called
16: curious
16: doesn't
16: door
16: eat
16: ever
16: full
16: sat
16: through
16: tone,
15: "How
15: But
15: Duchess
15: gave
15: hear
15: idea
15: is,
15: left
15: minute
15: old
15: there's
15: these
15: used
15: voice,
15: while
15: whole
15: wonder
14: "If
14: Foundation
14: Gryphon,
14: He
14: However,
14: King,
14: [Illustration:
14: [Illustration]
14: _I_
14: close
14: here
14: near
14: off,
14: something
14: sort
14: words
14: you're
13: "I've
13: Archive
13: Hatter.
13: In
13: Literary
13: OF
13: _very_
13: am
13: anxiously
13: changed
13: end
13: grow
13: her.
13: kept
13: knew
13: many
13: nearly
13: ought
13: people
13: ran
13: replied
13: saw
13: still
13: was,
12: "Off
12: "Why,
12: Alice's
12: Alice;
12: As
12: CHAPTER
12: Caterpillar.
12: For
12: King.
12: Page
12: [Sidenote:
12: among
12: because
12: beginning
12: behind
12: copyright
12: every
12: give
12: hand
12: makes
12: our
12: perhaps
12: remember
12: seen
12: side
12: talking
12: that's
12: turning
11: "Of
11: "Then
11: A
11: Hare.
11: always
11: before,
11: better
11: course
11: day
11: deal
11: didn't
11: donations
11: down,
11: face
11: feet
11: glad
11: hardly
11: help
11: it?"
11: read
11: saying
11: try
11: trying
11: wasn't
11: where
11: whether
11: wouldn't
10: At
10: Caterpillar
10: How
10: Queen.
10: They
10: United
10: access
10: against
10: done
10: enough
10: few
10: has
10: having
10: hurried
10: keep
10: most
10: paragraph
10: rest
10: sitting
10: small
10: talk
10: thinking
10: tone.
10: up,
10: us
10: voice.
10: walked
10: word
9: "A
9: "Come,
9: "No,
9: "Not
9: "They
9: (she
9: Cat
9: Dodo
9: Hatter,
9: Mouse,
9: Then
9: Turtle.
9: _is_
9: afraid
9: agree
9: asked
9: believe
9: bit
9: cats
9: change
9: couldn't
9: far
9: forth
9: hard
9: head!"
9: herself.
9: house,
9: join
9: jury
9: know."
9: low
9: matter
9: name
9: not,
9: on.
9: opened
9: opportunity
9: out,
9: own
9: please
9: queer
9: really
9: see,
9: shook
9: shouted
9: suddenly
9: that,"
9: they're
9: those
9: tone
9: two,
9: waited
9: written
8: "Do
8: "Yes,
8: "you
8: Do
8: Duchess,
8: License
8: Rabbit,
8: While
8: _The
8: agreement
8: almost
8: asked.
8: beautiful
8: beg
8: begin
8: certainly
8: cook
8: copy
8: dear!
8: do,
8: door,
8: drew
8: each
8: else
8: everything
8: explain
8: fan
8: fee
8: feel
8: followed
8: golden
8: gone
8: hastily
8: house
8: including
8: it."
8: it:
8: it;
8: itself
8: know,"
8: know.
8: lying
8: making
8: one,
8: party
8: play
8: public
8: reason
8: repeated
8: room
8: running
8: seem
8: soldiers
8: speak
8: stood
8: suppose
8: tired
8: want
8: wondering
8: work,
8: you'd
7: "There's
7: "We
7: "if
7: "that
7: -
7: Alice:
7: I'd
7: Knave
7: Majesty,"
7: Queen's
7: Section
7: To
7: Turtle,
7: When
7: _your_
7: again!"
7: arm
7: ask
7: associated
7: baby
7: best
7: birds
7: bottle
7: bright
7: cat
7: copies
7: could,
7: crowded
7: dear,
7: domain
7: dry
7: first,
7: free
7: frightened
7: goes
7: grown
7: hadn't
7: hands
7: haven't
7: heads
7: hold
7: it!"
7: know,
7: laws
7: least
7: leave
7: let
7: live
7: marked
7: mean
7: meaning
7: minutes
7: mouth
7: new
7: notice
7: noticed
7: number
7: part
7: place
7: question
7: ready
7: round,
7: so,
7: table
7: that!"
7: time,
7: to,
7: top
7: waiting
7: watch
7: way,
7: why
7: writing
6: "Come
6: "That
6: "There
6: "Who
6: "Why
6: "You're
6: "for
6: "it's
6: 'I
6: ***
6: Cat,
6: Cheshire
6: Dormouse,
6: IN
6: It's
6: Let
6: OR
6: Why,
6: YOU
6: _that_
6: _you_
6: about,
6: again:
6: agreement,
6: air,
6: air.
6: answer
6: arms
6: become
6: began,
6: begun
6: but,
6: carried
6: charge
6: children
6: coming
6: comply
6: course,
6: course,"
6: court,
6: creatures
6: days
6: dear
6: distributing
6: distribution
6: dreadfully
6: either
6: fall
6: feeling
6: feet,
6: fell
6: finished
6: foot
6: forgotten
6: four
6: game
6: growing
6: hedgehog
6: here,
6: however,
6: inches
6: indeed!"
6: isn't
6: kind
6: manage
6: melancholy
6: moment,
6: moral
6: neck
6: nice
6: not,"
6: now,
6: offended
6: on!"
6: open
6: pack
6: paid
6: permission
6: person
6: pool
6: provide
6: received
6: refund
6: repeat
6: second
6: sentence
6: sharp
6: size
6: slowly
6: so,"
6: spoke.
6: state
6: sudden
6: surprised
6: tax
6: that,
6: that?"
6: then,
6: then,"
6: thing!"
6: though
6: thought,
6: times
6: told
6: trembling
6: turn
6: using
6: white
6: world
6: yet
6: you've
6: you?"
6: yourself
5: "Are
5: "He
5: "I'll
5: "In
5: "Now
5: "Project
5: "Would
5: "it
5: "or
5: "the
5: "to
5: AND
5: After
5: An
5: By
5: Cat.
5: Hatter:
5: Hearts,
5: Here
5: Just
5: Mary
5: Pigeon
5: THIS
5: Who
5: _not_
5: _was_
5: _would_
5: across
5: added,
5: along
5: arm,
5: between
5: broken
5: call
5: cannot
5: continued
5: conversation.
5: court
5: cut
5: dance.
5: dead
5: deep
5: different
5: distribute
5: does
5: doing
5: eBook
5: everybody
5: exactly
5: eyes,
5: fancy
5: garden,
5: generally
5: gloves
5: grunted
5: hair
5: hall,
5: hand,
5: hands,
5: happen
5: head.
5: her:
5: here?"
5: interrupted
5: it'll
5: jumped
5: key
5: kid
5: last,
5: learn
5: mad
5: me,"
5: means
5: much,"
5: once,
5: other,
5: pair
5: pepper
5: piece
5: pleased
5: posted
5: puppy
5: puzzled
5: remarked.
5: remembered
5: replied,
5: roof
5: say,
5: several
5: shouldn't
5: sighed
5: silence
5: silence.
5: simple
5: since
5: sister
5: sit
5: sounded
5: spoke,
5: swam
5: table,
5: taking
5: tale
5: ten
5: them!"
5: time,"
5: trees
5: ventured
5: volunteers
5: walking
5: waving
5: window,
5: within
5: work.
5: works,
5: works.
5: write
5: yer
5: young
4: "Call
4: "Don't
4: "I'd
4: "So
4: "Turn
4: "as
4: (Alice
4: (it
4: (or
4: ALICE'S
4: Adventures
4: Alice!
4: All
4: Ann,
4: Beau--ootiful
4: Bill's
4: Come
4: Dinah
4: Dinah,
4: Don't
4: Duchess:
4: Duchess;
4: FOR
4: Father
4: First,
4: Footman
4: Foundation,
4: Gutenberg"
4: Her
4: Information
4: King;
4: Lobster
4: No,
4: Oh
4: Oh,
4: On
4: PROJECT
4: Soo--oop!
4: Soup
4: Soup!
4: States
4: States.
4: That
4: Turtle:
4: What
4: Will
4: With
4: Yet
4: _can_
4: _what_?"
4: all.
4: angrily
4: angry
4: anyone
4: argument
4: asking
4: asleep
4: back,
4: beat
4: bottom
4: busily
4: ca'n't
4: capital
4: care
4: case
4: certain
4: chance
4: chin
4: conversation
4: copy,
4: could.
4: crowd
4: dance?
4: dare
4: day,
4: distance,
4: do,"
4: draw
4: drink
4: dropped
4: ears
4: easily
4: exclaimed
4: eye
4: fact,
4: fallen
4: fast
4: fear
4: fetch
4: file
4: finish
4: format
4: freely
4: garden
4: gardeners
4: gardeners,
4: glass
4: go,
4: gone,
4: growing,
4: hastily,
4: head,
4: height
4: held
4: here,"
4: high
4: him,
4: himself
4: history,
4: hookah
4: hope
4: hot
4: hurry
4: important
4: individual
4: itself,
4: jumping
4: jury,
4: keeping
4: know----"
4: lay
4: led
4: lessons
4: likely
4: listen
4: located
4: low,
4: mark
4: me!
4: meant
4: met
4: mind
4: minute,
4: more,
4: moved
4: moving
4: mushroom
4: nearer
4: nervous
4: nine
4: now,"
4: now."
4: off.
4: often
4: old,
4: online
4: opening
4: others
4: paper
4: pardon!"
4: passed
4: perfectly
4: phrase
4: pictures
4: pig,
4: players,
4: produced
4: providing
4: puzzling
4: quarrelling
4: question,
4: quietly
4: rate
4: reach
4: remark.
4: replied.
4: replied;
4: rules
4: said.
4: said:
4: say,"
4: says
4: school
4: screamed
4: seems
4: she's
4: she,
4: shoes
4: short
4: shouting
4: shrinking
4: shut
4: sides
4: sight,
4: sir,
4: site
4: slates,
4: sleep
4: sneezing
4: somebody
4: song,
4: spoke
4: stand
4: states
4: status
4: stay
4: stick,
4: story
4: strange
4: subject
4: taken
4: taught
4: tea
4: tears
4: they'll
4: thing,
4: things!"
4: timidly,
4: tiny
4: trial
4: trouble
4: understand
4: unless
4: until
4: violently
4: walk
4: wanted
4: while,
4: whispered
4: witness
4: worth
4: yet,"
4: you'll
4: you,"
3: "As
3: "Consider
3: "Did
3: "Give
3: "Have
3: "Hold
3: "Is
3: "Let
3: "Nothing
3: "Now,
3: "Perhaps
3: "Please
3: "Sure,
3: "Thank
3: "Very
3: "When
3: "Which
3: "Yes,"
3: "because
3: "in
3: "so
3: "we
3: 'em
3: (The
3: 1.E.1
3: 1.E.9.
3: 1.F.3,
3: ADVENTURES
3: ANY
3: BY
3: Beautiful,
3: Bill!
3: Bill,
3: Carroll
3: Caterpillar,
3: Dodo,
3: Dormouse.
3: Dormouse;
3: Duchess!
3: Duchess.
3: Foundation's
3: French
3: GUTENBERG
3: General
3: Gryphon:
3: Hatter;
3: Its
3: Knave,
3: LIMITED
3: Lewis
3: Lory
3: Lory,
3: Mabel,
3: Mad
3: Panther
3: Rabbit's
3: Said
3: See
3: Seven
3: Some
3: Tell
3: U.S.
3: WONDERLAND
3: Web
3: Where
3: Which
3: William
3: Wonderland,
3: Would
3: _A
3: _have_
3: _he_
3: _must_
3: _that's_
3: _will_
3: _you_?"
3: above
3: additional
3: agreement.
3: all,
3: all,"
3: alone
3: aloud.
3: also
3: angrily,
3: angrily.
3: animals
3: answered
3: anywhere
3: appeared
3: appeared,
3: applicable
3: arches
3: as,
3: available
3: away,
3: away.
3: baby,
3: based
3: be,"
3: before,"
3: began.
3: begin."
3: begins
3: below.
3: book
3: boots
3: bound
3: bowed
3: box
3: breath
3: breath,
3: bringing
3: brought
3: business
3: carefully,
3: catch
3: caught
3: cause
3: certainly,"
3: checked
3: child
3: choked
3: collection
3: comes
3: compliance
3: complying
3: confused
3: confusion
3: considered
3: considering
3: constant
3: contact
3: cook.
3: cost
3: country
3: court.
3: creating
3: croquet
3: crossed
3: cry
3: curiosity.
3: dark
3: day.
3: dear!"
3: decided
3: decidedly,
3: derivative
3: did,
3: did,"
3: difficulty
3: dish
3: distributed
3: do!"
3: doth
3: down,"
3: down.
3: dream
3: e--e--evening,
3: eBooks
3: eager
3: eagerly
3: eagerly,
3: ear.
3: edge
3: editions
3: eggs,
3: entity
3: evidence
3: evidence,"
3: except
3: executed
3: executioner
3: expecting
3: eyes.
3: face,
3: face.
3: filled
3: finding
3: finger
3: fire,
3: flew
3: flowers
3: flying
3: following
3: fond
3: footman
3: forgetting
3: frowning
3: funny
3: future
3: garden.
3: general
3: gently
3: girl
3: girls
3: gloves,
3: grave
3: green
3: grin,
3: guessed
3: handed
3: hanging
3: happened
3: hastily.
3: hearing
3: her;
3: hers
3: herself;
3: high,
3: high.
3: high:
3: him:
3: hoping
3: hours
3: howling
3: hunting
3: hurry.
3: immediate
3: immediately
3: in?"
3: indeed
3: indignantly.
3: instance,
3: instantly
3: interesting
3: is!"
3: is."
3: judge,
3: jurors
3: key,
3: knee,
3: larger
3: larger,
3: late
3: legs
3: less
3: let's
3: life.
3: like,"
3: liked
3: limitation
3: links
3: little,
3: lived
3: lobsters
3: lobsters,
3: loud
3: mad."
3: managed
3: me,
3: medium
3: meet
3: mentioned
3: middle
3: middle,
3: miles
3: mine
3: mission
3: money
3: mouse
3: mouse,
3: mushroom,
3: muttering
3: natural
3: needn't
3: next.
3: nibbling
3: nobody
3: noise
3: none
3: nose,
3: nothing.
3: notion
3: now!"
3: nursing
3: o'clock
3: obliged
3: obtain
3: of?"
3: officers
3: official
3: oh,
3: old,"
3: one,"
3: other:
3: others.
3: out-of-the-way
3: outside
3: over!"
3: owner
3: paragraphs
3: particular
3: pattering
3: payments
3: peeped
3: performing,
3: permitted
3: picked
3: pleaded
3: please,
3: pointing
3: politely,
3: possibly
3: pressed
3: printed
3: proper
3: provided
3: putting
3: question.
3: reading
3: real
3: receive
3: remained
3: remark
3: remark,
3: remarking
3: repeating
3: replacement
3: replied:
3: reply.
3: return
3: right,
3: right,"
3: rose
3: round.
3: run
3: said----"
3: saucepan
3: savage
3: saying,
3: sea,
3: sea.
3: see:
3: sending
3: sent
3: settled
3: sha'n't
3: shaking
3: shoulder
3: show
3: shriek
3: shrill
3: side,
3: silent
3: sing
3: sleepy
3: slowly,
3: smaller,
3: so.
3: solemn
3: sometimes
3: sorts
3: sound
3: sounds
3: speaking,
3: spread
3: staring
3: stole
3: stop
3: stopped
3: succeeded
3: suit
3: support
3: suppressed
3: table.
3: tail
3: tail,
3: tails
3: takes
3: tarts
3: tarts,
3: taste
3: tea,"
3: teacup
3: tears,
3: text
3: that."
3: them,"
3: they'd
3: thing,"
3: this:
3: throw
3: timid
3: to?"
3: tone:
3: tone;
3: tossing
3: trademark
3: trademark,
3: trademark.
3: tree
3: trial's
3: tucked
3: twice,
3: twinkle,
3: twinkling
3: unfortunate
3: unusually
3: vanished
3: venture
3: verdict,"
3: voices
3: was,"
3: watching
3: way.
3: weak
3: web
3: whiting
3: wild
3: wonder?"
3: wood.
3: words:
3: wrote
3: yet,
3: you!"
3: youth,
3: youth,"
2: "'Tis
2: "--and
2: "After
2: "Ah!
2: "Ah,
2: "All
2: "Beautiful
2: "DRINK
2: "Does
2: "Exactly
2: "Explain
2: "Found
2: "Get
2: "Go
2: "Here!
2: "Just
2: "My
2: "Never
2: "No,"
2: "Nobody
2: "Oh
2: "Oh!
2: "One
2: "One,
2: "Only
2: "Plain
2: "Really,
2: "She
2: "She's
2: "Speak
2: "Suppose
2: "Take
2: "Tell
2: "They're
2: "This
2: "Treacle,"
2: "Two
2: "Wake
2: "Well!
2: "What's
2: "Why,"
2: "Why?"
2: "Wow!
2: "You'll
2: "Your
2: "_I_
2: "_That_
2: "_Un_important,
2: "a
2: "at
2: "don't
2: "he
2: "lives
2: "not
2: "only
2: "poison,"
2: "till
2: "what
2: "when
2: "why
2: 'I'll
2: 'What
2: '_How
2: 'it'
2: 'tis
2: ("I
2: ("the
2: (This
2: (Which
2: (and
2: (as
2: (with
2: *****
2: 1.E.1.
2: 1.E.7
2: 1.E.8
2: 1.E.8.
2: 3
2: 50
2: 501(c)(3)
2: 90
2: AGREE
2: ALICE
2: ASCII"
2: Ah,
2: Alice,)
2: Arthur
2: BALLANTYNE
2: BREACH
2: BUT
2: Beneath
2: Bill,"
2: But,
2: Cat's
2: Cat:
2: Caterpillar_]
2: Collections.)
2: DAMAGES
2: Digital
2: Distributed
2: Donations
2: Dormouse,"
2: Down,
2: Dr.
2: Duchess's
2: EBOOK
2: END
2: Emmy
2: English
2: Except
2: FULL
2: First
2: Fish-Footman
2: Five!
2: Five,
2: Five.
2: Florida
2: Footman,
2: Full
2: Gutenberg's
2: Hare,
2: Has
2: I!"
2: Jana
2: King's
2: King:
2: LICENSE
2: Latitude
2: License.
2: Like
2: Lizard
2: Lizard,
2: Longitude
2: ME"
2: Majesty
2: Majesty!"
2: Mercia
2: Michael
2: Miss,
2: Morcar,
2: NO
2: NOT
2: Next
2: No
2: Now
2: Of
2: Off
2: Online
2: Our
2: Owl
2: PRINTED
2: Pennyworth
2: Pigeon,
2: Pigeon.
2: Pigeon;
2: Pool
2: Pray,
2: Presently
2: Produced
2: Proofreading
2: Queen:
2: Royalty
2: S.
2: Soo--oop
2: Soup?
2: Srna,
2: States,
2: THAT
2: TO
2: Team
2: Tears_]
2: Terms
2: Thus
2: Turtle's
2: University
2: Use
2: Vanilla
2: WARRANTIES
2: WITH
2: We
2: Wonderland
2: You're
2: _Advice
2: _I'm_
2: _Who
2: _are_
2: _best_
2: _could_
2: _ever_
2: _me_,"
2: _more_
2: _never_
2: _one_
2: _quite_
2: _think_
2: _this_
2: abide
2: accordance
2: active
2: addressed
2: advantage
2: adventures
2: afraid,
2: again."
2: again;
2: again?"
2: age
2: age,
2: air
2: alarm
2: alas!
2: all."
2: all:
2: all;
2: all?"
2: allow
2: already
2: altogether,
2: and--oh
2: anxious
2: anything;
2: appear
2: appearing
2: apples,
2: are,
2: around
2: ashamed
2: asking,
2: asleep,
2: assembled
2: atom
2: attempt
2: attending
2: authority
2: away!"
2: back!"
2: back.
2: bank,
2: bark
2: barrowful
2: be,
2: be?"
2: beasts,
2: beautifully
2: became
2: before.
2: beheaded!"
2: belongs
2: best,
2: bird
2: bit,"
2: bit.
2: blasts
2: blew
2: blow
2: body
2: book,
2: book,"
2: bottle,
2: boy,
2: bread-and-butter
2: bread-and-butter,
2: brightened
2: bring
2: broke
2: burn
2: business!"
2: busy
2: cake,
2: came,
2: candle
2: cares
2: carry
2: carrying
2: catching
2: cauldron
2: caused
2: cautiously
2: certainly:
2: change,
2: changes
2: changing
2: check
2: cheered,
2: child!"
2: children,
2: chimney
2: chimney,
2: chin.
2: chorus
2: civil
2: clear
2: closed
2: collected
2: come,
2: coming.
2: computer
2: concept
2: concerning
2: concluded
2: confusing
2: confusion,
2: consider
2: considerable
2: contain
2: contemptuously.
2: continued,
2: cook,
2: cool
2: copied
2: copying
2: copying,
2: corner,
2: costs
2: created
2: creature
2: creature,
2: cried.
2: crimson
2: croquet."
2: cross-examine
2: crown
2: crying
2: cupboards
2: curiosity,
2: curled
2: custody
2: dance
2: daresay
2: date
2: deep,
2: deeply,
2: defect
2: defective
2: delight,
2: delighted
2: delightful
2: deny
2: depends
2: destroy
2: didn't!"
2: different!"
2: difficult
2: digging
2: dipped
2: directed
2: direction
2: direction,"
2: directions,
2: disclaimer
2: displaying
2: displaying,
2: dispute
2: distance.
2: distant
2: do."
2: dog
2: done,
2: done,"
2: door.
2: doors
2: double
2: doubt,
2: doubtful
2: down!
2: dreamy
2: drunk
2: dull
2: eBooks,
2: eBooks.
2: ear
2: earls
2: earth.
2: easy
2: efforts
2: either,
2: elbow
2: else.
2: email
2: employees
2: encouraging
2: engaged
2: enough,
2: enough;
2: entangled
2: entirely
2: equipment.
2: evening,
2: ever,"
2: excellent
2: executed,
2: executions
2: exempt
2: expenses,
2: explanation.
2: extraordinary
2: eye;
2: faces
2: faces,
2: fact
2: faintly
2: falling
2: fancied
2: fancy,
2: far,"
2: federal
2: fees
2: fight
2: files
2: fine
2: finished,
2: first,"
2: first;
2: fish
2: fix
2: flamingo
2: floor,
2: folded,
2: follow
2: for,
2: for?"
2: forehead
2: forget
2: forgot
2: form
2: form.
2: formats
2: friend
2: friends
2: front
2: fur
2: further
2: game,
2: generally,
2: generously
2: giddy."
2: given
2: giving
2: glass,
2: go,"
2: gold-fish
2: grand
2: grass
2: grass,
2: gravely,
2: grew
2: grinned
2: ground
2: growl,
2: guess
2: guests
2: guinea-pigs,
2: happened,
2: happens
2: happy
2: hasn't
2: heart
2: heavy
2: here!
2: here.
2: here."
2: here?
2: high,"
2: him!
2: him,"
2: him.
2: hit
2: hoarse
2: holding
2: home
2: hour
2: http://pglaf.org
2: http://www.pgdp.net
2: hungry
2: hurriedly
2: hurry:
2: hurt
2: ill."
2: images
2: impossible
2: included
2: indeed,"
2: information
2: ing
2: instantly,
2: instead
2: intellectual
2: interrupted,
2: interrupting
2: introduce
2: invitation
2: is,"
2: it),
2: it.)
2: it?)
2: jar
2: joined
2: jury-box,
2: jury.
2: jurymen
2: jurymen.
2: kick
2: kitchen
2: knocking,"
2: know!"
2: know?"
2: knowing
2: knows
2: lady
2: laid
2: land
2: lap
2: law
2: leaning
2: learn!
2: learning
2: learnt
2: leaves
2: leaves,
2: leaves.
2: left-hand
2: legal
2: lessons,"
2: letter
2: letter,
2: license,
2: lie
2: lieu
2: life
2: life,
2: life."
2: like,
2: liked,
2: limited
2: linked
2: list
2: listen.
2: listening,
2: lonely
2: longed
2: longer
2: loose
2: loud,
2: loudly
2: love,
2: lovely
2: mad.
2: mad?"
2: man,
2: master
2: matters
2: me?"
2: mean,"
2: medium,
2: merely
2: messages
2: mice
2: mile
2: mind,
2: minute.
2: minutes,
2: minutes.
2: miserable
2: missed
2: mistake
2: mixed
2: moment's
2: morning,
2: mouth,
2: move
2: much!"
2: much,
2: music."
2: must,
2: mustard
2: muttered
2: myself
2: myself,"
2: neatly
2: neither
2: never")
2: next!
2: next,
2: nibbled
2: nicely
2: no!
2: nobody,
2: nonsense
2: nonsense!"
2: nor
2: not.
2: not."
2: nothing,
2: now?"
2: nowhere
2: obtaining
2: occurred
2: offer
2: office
2: often,
2: oh!
2: older
2: on."
2: on:
2: on?"
2: once.
2: once."
2: once;
2: one;
2: or,
2: order
2: ordered
2: ordering
2: ornamented
2: other.
2: other;
2: otherwise
2: out.
2: over,
2: over.
2: owns
2: page
2: painting
2: pale
2: pale,
2: panting
2: panting,
2: parchment
2: passage,
2: passion,
2: paw,
2: paws
2: paying
2: pebbles
2: personal
2: physical
2: picking
2: pieces
2: pig,"
2: pinched
2: place,
2: plate
2: players
2: playing
2: pleasure
2: pocket,
2: pool,
2: position
2: presents
2: prevent
2: procession
2: procession,
2: prominently
2: promoting
2: property
2: protect
2: proud
2: prove
2: proved
2: push
2: puzzled.
2: questions
2: quickly
2: quiet
2: quotation
2: rabbit-hole
2: race
2: raised
2: rate,
2: rattling
2: raving
2: re-use
2: reaching
2: readable
2: reasonable
2: receipt
2: recovered
2: references
2: refund.
2: registered
2: regular
2: relief.
2: remain
2: remaining
2: remarkable
2: remarked:
2: remember,"
2: requirements
2: resting
2: restrictions
2: returned
2: right-hand
2: ring,
2: room!"
2: rose-tree,
2: row
2: royal
2: rubbing
2: rule
2: rush
2: sad
2: sadly
2: sadly.
2: safe
2: salt
2: same,
2: sang
2: save
2: say."
2: sea
2: sea!"
2: search
2: secondly,
2: sense,
2: serpent,
2: serpents
2: setting
2: severely
2: shaped
2: share
2: shared
2: sharing
2: sharply.
2: she'll
2: shore,
2: shoulders
2: shower
2: showing
2: shriek,
2: shrill,
2: shutting
2: side.
2: sigh:
2: sighing
2: sight
2: sight:
2: signed
2: silence,
2: silent,
2: silent.
2: simply
2: singing
2: sir,"
2: sister,
2: six
2: size:
2: size;
2: sky.
2: slates
2: slipped
2: smallest
2: smiled
2: smiling
2: smoking
2: snail,
2: snatch
2: sobbing
2: sobs
2: soldiers,
2: solemnly
2: solicit
2: sooner
2: sorrowful
2: speak,
2: speaking
2: specified
2: splashing
2: squeaking
2: stamping
2: started
2: startled
2: stirring
2: story!"
2: straight
2: stretched
2: struck
2: subject.
2: suddenly:
2: sulkily
2: sulky
2: summer
2: sun.
2: suppose?"
2: surprise,
2: surprise.
2: swim
2: swimming
2: tail.
2: talking.
2: tasted
2: teacups
2: tears.
2: telling
2: tells
2: that!
2: that:
2: them--and
2: them.
2: them."
2: themselves
2: then!"
2: then."
2: then;
2: there,"
2: there.
2: thimble,
2: things,
2: think,"
2: think--"
2: think?"
2: this:--
2: thoroughly
2: thought.
2: thoughtfully.
2: thoughts
2: thousand
2: three-legged
2: threw
2: throwing
2: thump!
2: tied
2: time!
2: time).
2: time.
2: timidly
2: tiptoe,
2: to)
2: together
2: together.
2: tones
2: tongue!"
2: treacle
2: treading
2: trees,
2: trembled
2: trotting
2: trumpet,
2: tumbling
2: turns,
2: twelve
2: twist
2: uncomfortable.
2: unfolded
2: unpleasant
2: unrolled
2: up,"
2: up."
2: upset
2: us,
2: useful,
2: user
2: usual.
2: usually
2: various
2: verse,"
2: verses
2: violent
2: violently,
2: voice:
2: waited.
2: wandered
2: wants
2: was:
2: wash
2: wasting
2: watched
2: water
2: we've
2: week
2: well,"
2: well.
2: well?"
2: went,
2: went.
2: were,"
2: what's
2: whatsoever.
2: wherever
2: whiting,"
2: whom
2: whose
2: why,
2: wide
2: widest
2: wildly
2: wind,
2: wine,"
2: wink
2: wise
2: with,"
2: witness!"
2: witness."
2: won,
2: won?"
2: wonderful
2: wood
2: word,
2: worse
2: wow!
2: wow!"
2: wretched
2: wrong
2: wrong,
2: www.gutenberg.net
2: yawned
2: year
2: years,
2: yesterday
2: yet."
2: yet?"
2: you!
2: you?
2: yourself."
1: "'--found
1: "'Miss
1: "'_We
1: "----
1: "----likely
1: "----or
1: "----that
1: "----well
1: "----where's
1: "--I
1: "--Mystery,
1: "--as
1: "--but
1: "--change
1: "--for
1: "--so
1: "--yes,
1: "--you
1: "Ahem!"
1: "Alice!"
1: "Alice"]
1: "An
1: "Anything
1: "At
1: "Back
1: "Begin
1: "Behead
1: "Boots
1: "Bring
1: "By-the-bye,
1: "CURIOUSER
1: "Can
1: "Can't
1: "Certainly
1: "Change
1: "Chaos
1: "Cheshire
1: "Chorus
1: "Collar
1: "Dear,
1: "Defects,"
1: "Digging
1: "Dinah'll
1: "Dinah's
1: "Drink
1: "Drive
1: "EAT
1: "Each
1: "Every
1: "Everybody
1: "Fetch
1: "Fifteenth,"
1: "First
1: "For
1: "Fourteenth
1: "From
1: "Fury
1: "H'm!
1: "HERE!"
1: "Hadn't
1: "Hand
1: "Herald,
1: "Hjckrrh!"
1: "Hush!
1: "I--I'm
1: "Idiot!"
1: "Information
1: "It's--it's
1: "Keep
1: "Leave
1: "Let's
1: "Look
1: "Mary
1: "May
1: "Mine
1: "Mouse
1: "Nearly
1: "Never!"
1: "No
1: "Nonsense!"
1: "Nor
1: "Nothing,"
1: "O
1: "ORANGE
1: "Once
1: "Once,"
1: "Or
1: "Ou
1: "Pepper,
1: "Please,
1: "Poor
1: "Pray
1: "Prizes!
1: "Read
1: "Reeling
1: "Repeat
1: "Right
1: "Right,
1: "Rule
1: "Same
1: "Seals,
1: "Sentence
1: "Serpent!"
1: "Serpent,
1: "Seven
1: "Sh!
1: "Sha'n't,"
1: "Shall
1: "She'd
1: "Silence
1: "Silence!"
1: "Sit
1: "Sixteenth,"
1: "Soles
1: "Somebody
1: "Soo--oop
1: "Stand
1: "Stuff
1: "Stupid
1: "Sure
1: "Swim,
1: "Talking
1: "Ten
1: "Their
1: "Then,
1: "Thinking
1: "To
1: "Too
1: "Tut,
1: "Twenty-four
1: "Ugh!"
1: "Up,
1: "Very,"
1: "W.
1: "We,
1: "Well!"
1: "Where
1: "Where's
1: "Who's
1: "Whoever
1: "Will
1: "With
1: "Wouldn't
1: "Write
1: "YOU
1: "Yes!"
1: "You!"
1: "You'd
1: "You've
1: "_Are_
1: "_Everybody_
1: "_I'm_
1: "_I've_
1: "_It
1: "_She_
1: "_Stolen!_"
1: "_Twinkle,
1: "_Why,
1: "_You
1: "_You'd_
1: "_very_
1: "advance
1: "all
1: "allow
1: "any
1: "are
1: "arrum.")
1: "as"
1: "besides,
1: "chop
1: "creatures,"
1: "crumbs
1: "doesn't
1: "either
1: "explanations
1: "fetch
1: "flamingoes
1: "he's
1: "hedge-hog"
1: "hedgehog"
1: "his
1: "how
1: "however,
1: "important,"
1: "is
1: "it'll
1: "jurymen"
1: "just
1: "leave
1: "let's
1: "living
1: "moral,"
1: "nine
1: "no
1: "now
1: "of
1: "on
1: "one
1: "quiet"
1: "quite"
1: "really
1: "shall
1: "she
1: "she"
1: "she's
1: "she's"
1: "sit
1: "so,
1: "some
1: "stupid
1: "stupid,"
1: "tell
1: "than
1: "that's
1: "there's
1: "they'd
1: "they're
1: "they--you've
1: "this
1: "three
1: "to"
1: "unimportant."
1: "unless
1: "until
1: "want"
1: "was
1: "we're
1: "what's
1: "whenever
1: "why,
1: "without
1: "wont"
1: #28885]
1: $5,000)
1: &
1: '----_said
1: 'AS-IS'
1: 'Come
1: 'Coming
1: 'Edwin
1: 'French,
1: 'He's
1: 'Keep
1: 'Let
1: 'Such
1: 'There
1: 'Twinkle,
1: 'Uglification,'"
1: 'Up
1: 'Who
1: 'William
1: 'With
1: 'You
1: '_'Tis
1: '_I
1: '_Turtle
1: '_You
1: '_poison_'
1: '_they
1: 'come
1: 'much
1: 'purpose'?"
1: ("No,
1: ("That's
1: ("which
1: ($1
1: (801)
1: (And
1: (And,
1: (As
1: (Before
1: (Dinah
1: (For,
1: (He
1: (I'm
1: (If
1: (In
1: (It
1: (Sounds
1: (We
1: (What's
1: (a
1: (a)
1: (any
1: (arm,
1: (available
1: (b)
1: (c)
1: (cat,"
1: (does
1: (doorway;
1: (for
1: (for,
1: (if
1: (just
1: (luckily
1: (minute
1: (not
1: (pointing
1: (send
1: (the
1: (though
1: (to-morrow----")
1: (trademark/copyright)
1: (want
1: (when
1: (which
1: (www.gutenberg.net),
1: ----"
1: 1
1: 1.
1: 1.A.
1: 1.B.
1: 1.C
1: 1.C.
1: 1.D.
1: 1.E
1: 1.E.
1: 1.E.2.
1: 1.E.3.
1: 1.E.4.
1: 1.E.5.
1: 1.E.6.
1: 1.E.7.
1: 1.F.
1: 1.F.1.
1: 1.F.2.
1: 1.F.3.
1: 1.F.4.
1: 1.F.5.
1: 1.F.6.
1: 100
1: 103,
1: 104,
1: 111
1: 116
1: 126
1: 126,
1: 13
1: 132
1: 139
1: 140
1: 150
1: 1500
1: 153,
1: 158
1: 19,
1: 2.
1: 20%
1: 2001,
1: 2009
1: 22
1: 24
1: 28
1: 28885.txt
1: 28885.zip
1: 3.
1: 30
1: 33,
1: 35
1: 36
1: 37,
1: 4
1: 4,
1: 4.
1: 41,
1: 42,
1: 4557
1: 49
1: 5.
1: 596-1887,
1: 60
1: 64
1: 64-6221541.
1: 66,
1: 69,
1: 70
1: 74
1: 8,
1: 809
1: 82
1: 84
1: 84116,
1: 91,
1: 96
1: 99712.,
1: ACTUAL,
1: ADVICE
1: AGREEMENT
1: AK,
1: ALICE!
1: ALICE'S.ADVENTURES
1: ANYTHING
1: ARTHUR.RACKHAM
1: ASCII
1: AT
1: AUSTIN
1: About
1: Ada,"
1: Additional
1: Adventures,
1: Advice
1: Against
1: Alas!
1: Alice!"
1: Alice's,
1: Alice)
1: Allow
1: Always
1: Ann!
1: Ann!"
1: Anon,
1: Antipathies,
1: Any
1: Archbishop
1: Arithmetic--Ambition,
1: Atheling
1: Austin
1: Australia?"
1: Author:
1: B.
1: BE
1: BEFORE
1: BILL
1: BY.LEWIS.CARROLL
1: Be
1: Because
1: Besides,
1: Between
1: Bill
1: Bill!"
1: Bill_]
1: Black-and-white
1: CARROLL'S
1: CATERPILLAR
1: CAUCUS-RACE
1: CHORUS
1: CHORUS.
1: COLOURTYPE
1: COMPANY
1: CONSEQUENTIAL,
1: CONTENTS
1: CONTRACT
1: CROQUET-GROUND
1: CURIOUSER
1: CURIOUSER]
1: Can
1: Canary
1: Canterbury,
1: Cat,"
1: Cat;
1: Caterpillar's
1: Caterpillar;
1: Caucus-race
1: Caucus-race."
1: Caucus-race?"
1: Character
1: Chief
1: Childhood's
1: Christmas."
1: City,
1: Classical
1: Coils."
1: Come,
1: Compliance
1: Conqueror,
1: Conqueror."
1: Contact
1: Contributions
1: Copyright
1: Costumier,
1: Crab
1: Crab,
1: Creating
1: Croquet-Ground_]
1: D,"
1: DAMAGE.
1: DIRECT,
1: DISCLAIMER
1: DISTRIBUTE
1: DISTRIBUTOR
1: DOBSON
1: DOBSON._
1: DONATIONS
1: DOWN
1: Date:
1: Defect
1: Derision."
1: Despite
1: Digging
1: Dinah!
1: Dinah!"
1: Dinah'll
1: Dinah:
1: Dinn
1: Director
1: Distraction,
1: Dobson
1: Dodo.
1: Domain
1: Dormouse!
1: Dormouse!"
1: Dormouse's
1: Drawling,
1: Drawling--the
1: Drawling-master
1: Duchess'
1: Duchess)
1: Duchess,"
1: Duchess?"
1: Duck
1: Duck.
1: Duck;
1: EIN
1: ENGLAND
1: EVEN
1: EVIDENCE
1: EXCEPT
1: EXPRESS
1: Eaglet
1: Eaglet,
1: Eaglet.
1: Edgar
1: Edwin
1: Either
1: Elsie,
1: Email
1: End
1: England
1: English!"
1: English);
1: English,
1: English,"
1: English.
1: Esq.
1: Even
1: Everybody
1: Everything
1: Evidence_]
1: Exactly
1: Executive
1: F3.
1: FITNESS
1: FOUNDATION,
1: FROM
1: Fainting
1: Fairbanks,
1: Fender,
1: Fetch
1: Five
1: Foot,
1: Footman's
1: Footman.
1: For,
1: Forty-two.
1: Foundation"
1: Foundation.
1: Foundation."
1: France--
1: Frog-Footman
1: From
1: Fury:
1: GIVE
1: GUTENBERG-tm
1: Game,
1: Geography.
1: Go
1: Good-bye,
1: Grammar,
1: Gregory
1: Grief,
1: Gryphon;
1: Gutenberg"),
1: Gutenberg-tm's
1: Gutenberg-tm,
1: Gutenberg-tm.
1: Gutenberg:
1: HAMLET;
1: HAVE
1: HEARTS.
1: HENTSCHEL
1: Half-comic
1: Half-past
1: Hardly
1: Hare),
1: Hare:
1: Hart
1: Hart,
1: Hatter's
1: Heads
1: Hearthrug,
1: Hearts
1: Him,
1: His
1: Hush!"
1: I,
1: I,"
1: I----"
1: I.
1: I?
1: IF
1: II
1: II.
1: III
1: III.
1: ILLUSTRATED.BY
1: ILLUSTRATIONS
1: IMPLIED,
1: IN.WONDERLAND
1: INCIDENTAL
1: INCLUDING
1: INDEMNITY
1: INDIRECT,
1: IRS.
1: IT
1: IV
1: IV.
1: IX
1: IX.
1: Illustrated
1: Illustrator:
1: Imagine
1: Imperious
1: Improve
1: Indeed,
1: Internal
1: International
1: Involved
1: It'll
1: Jack-in-the-box,
1: KIND,
1: KING
1: Kings
1: Knave.
1: LARGE
1: LEAR
1: LIABILITY,
1: LIABLE
1: LIST
1: LITTLE
1: LOBSTER
1: LONDON
1: LONDON.WILLIAM.HEINEMANN
1: LONG
1: LTD
1: Lacie,
1: Lake
1: Language:
1: Lastly,
1: Latin
1: Laughing
1: Lay
1: Little
1: Lizard's
1: Lizard)
1: Lobster;
1: London
1: Long
1: Lory.
1: Luckily
1: M,
1: M----"
1: M?"
1: MAD
1: MARMALADE,"
1: ME,"
1: MERCHANTIBILITY
1: MOCK
1: Ma!"
1: Ma'am,
1: Mabel!
1: Magpie
1: Majesty?"
1: Many
1: March,
1: March----just
1: March."
1: May
1: May,
1: Melan
1: Memory's
1: Mind
1: Mission
1: Mississippi
1: Most
1: Mouse!"
1: Mouse's
1: Mouse.
1: Multiplication
1: My
1: Mystery,"
1: NEGLIGENCE,
1: NEW.YORK.DOUBLEDAY.PAGE.&.Co]
1: NOTICE
1: Nearly
1: New
1: Newby
1: Night"
1: Nile
1: Nobody
1: Normans--'
1: North
1: Northumbria,
1: Northumbria--'"
1: Not
1: Notes:
1: Now,
1: Number
1: O
1: OTHER
1: OWNER,
1: Off----"
1: Oh!
1: Once
1: One
1: One,"
1: Only
1: Owl,
1: PAGE
1: PARAGRAPH
1: PEPPER
1: PG
1: PGLAF),
1: PIG
1: PLATES
1: PLEASE
1: POOL
1: POSSIBILITY
1: PRESS
1: PROEM
1: PROVIDED
1: PUNITIVE
1: PURPOSE.
1: Paris
1: Paris,
1: Party_]
1: Pat!
1: Pat,
1: Pepper_]
1: Pig!"
1: Pinch
1: Please
1: Please,
1: Pluck'd
1: Poor
1: Prima
1: Prizes!"
1: Proem
1: Professor
1: Public
1: Puss,"
1: QUADRILLE
1: QUEEN
1: QUEEN'S
1: Quadrille
1: Quadrille,
1: Quadrille?"
1: Quadrille_]
1: Queen!
1: Queen!"
1: Queen,"
1: Queen--'_What
1: Queen?"
1: Queens,
1: Quick,
1: RABBIT
1: RABBIT"
1: RABBIT-HOLE
1: READ
1: REFUND
1: REMEDIES
1: REPLACEMENT
1: REPRODUCED
1: RIGHT
1: RIP
1: Rabbit's--"Pat!
1: Rabbit-Hole_]
1: Rabbit.
1: Rabbit:
1: Rabbit;
1: Rackham
1: Rackham.
1: Redistributing
1: Redistribution
1: Refund"
1: Release
1: Replacement
1: Revenue
1: Right
1: Rome,
1: Rome--no,
1: Run
1: SEND
1: SENDS
1: SOUP!"
1: START
1: START:
1: STOLE
1: STORY
1: STREET
1: STRICT
1: SUCH
1: Salt
1: Seaography:
1: Sections
1: Secunda
1: Sent
1: Serpent!"
1: Service.
1: Seven.
1: Shakespeare,
1: Shall
1: Shark:
1: She'll
1: Silence
1: Sing
1: Soon
1: Soup!"
1: Soup,
1: Soup_,'
1: Special
1: Stigand,
1: Still
1: Stole
1: Stop
1: Story_]
1: Stretching,
1: Suddenly
1: Suppress
1: T!"
1: TALE
1: TARTS?
1: TAVISTOCK
1: TEA-PARTY
1: TEARS
1: TENNIEL;_
1: TEXT
1: THERE
1: THEY
1: THOSE
1: TRADEMARK
1: TURTLE'S
1: Table
1: Take
1: Tale_]
1: Tarts?
1: Tarts?_]
1: Taste
1: Tea
1: Tea-Party
1: Tea-party_]
1: Tears
1: Tertia
1: That'll
1: That's
1: There's
1: Therefore
1: These
1: They're
1: This,
1: Those
1: Though
1: Three!
1: Thus,
1: Tillie;
1: Time
1: Time!"
1: Time,
1: Title:
1: Tortoise
1: Tortoise,
1: Tortoise----"
1: Transcriber's
1: Trims
1: Truth,
1: Turn
1: Turtle--we
1: Turtle."
1: Twinkle,
1: Two
1: Two!"
1: Two,
1: Two.
1: Type,
1: Types
1: UNDER
1: USE
1: UT
1: Ugh,
1: Uglification,
1: Unless
1: Updated
1: V
1: V.
1: VAN
1: VI
1: VI.
1: VII
1: VII.
1: VIII
1: VIII.
1: Very
1: Visit
1: Volunteers
1: WARRANTY
1: WARRANTY,
1: WHO
1: WILL
1: WINKLE!_
1: WORK
1: Waiting
1: Was
1: West,
1: Why
1: William's
1: William,"
1: William_,"
1: William_,'"
1: Wonderland:
1: Writhing,
1: X
1: X.
1: XI
1: XI.
1: XII
1: XII.
1: Zealand
1: [EBook
1: _'Tis
1: _AUSTIN
1: _Alice's
1: _All
1: _An
1: _At
1: _But
1: _Down
1: _Enchanting
1: _Frontispiece_
1: _Here
1: _I'll_
1: _It
1: _Pig
1: _Pool
1: _They
1: _To
1: _What_
1: _You_
1: _all_
1: _and
1: _at
1: _beg_
1: _began_
1: _begins_
1: _could_!
1: _curtseying_
1: _don't_
1: _fit_
1: _fits_,
1: _hated_
1: _her_
1: _here_,"
1: _here_."
1: _him_."
1: _his_
1: _in_
1: _inside_,
1: _it_,"
1: _it_.
1: _less_,"
1: _little_
1: _me_,
1: _me_."
1: _mine_,"
1: _mine_."
1: _myself_,
1: _no_
1: _not_!"
1: _not_,
1: _one_."
1: _ours_
1: _outside_."
1: _please_
1: _plenty_
1: _precious_
1: _proves_
1: _red_
1: _said_
1: _she's_
1: _she_,
1: _she_,"
1: _sit_
1: _some_
1: _somebody_
1: _something_
1: _somewhere_,"
1: _speaker_,"
1: _that_!"
1: _that_.
1: _that_:
1: _their_
1: _then_--she
1: _there_
1: _these_?"
1: _think_,"
1: _think_;
1: _this_!"
1: _through_
1: _took
1: _two_
1: _what_
1: _what_?
1: _whatever_?"
1: _yet_,"
1: _you_,
1: _you_.--
1: _yours_:
1: a)
1: a----
1: able!
1: about!"
1: about,"
1: about.
1: about;
1: absence,
1: absurd
1: absurd,
1: accept
1: acceptance
1: accepted
1: accepted,
1: accepting
1: accessed,
1: accessible
1: accident
1: accident,
1: accidentally
1: account
1: accounting
1: accounts
1: accusation!"
1: accustomed
1: ache!"
1: act
1: actually
1: adding,
1: addition
1: additions
1: address
1: addresses.
1: addressing
1: adjourn,
1: adoption
1: advance
1: advance!
1: advantage,"
1: adventures--beginning
1: adventures."
1: advice
1: advisable
1: advisable--'"
1: advise
1: affair,
1: affectionately
1: afford
1: afore
1: afraid,"
1: afresh
1: after-time,
1: afternoon
1: afterwards,
1: afterwards."
1: again!
1: again,"
1: again--'_before
1: again.)
1: agent
1: ago
1: ago:
1: agony
1: agreed
1: air!
1: air:
1: airs!
1: alarm.
1: alarm_]
1: alarmed
1: alas
1: alive
1: alive!"
1: alive;
1: all!
1: all!"
1: all_.
1: alone!"
1: alone--"Catch
1: alone.
1: aloud,
1: aloud;
1: already,
1: also,
1: alteration,
1: altered."
1: alternate
1: alternately
1: altogether
1: altogether.
1: altogether;
1: am!
1: am,
1: ancient
1: and--that's
1: anger
1: anger,
1: angrily:
1: angry,
1: angry.
1: animal
1: animal's
1: animals,
1: annoy,
1: annoyed,"
1: another!
1: answer,
1: answer.
1: answer?"
1: answered,
1: answers."
1: anxious.)
1: anxiously.
1: any)
1: any,"
1: any.
1: anyone.
1: anything,
1: anything.
1: apiece
1: apostrophe
1: appealed
1: appear,
1: appearance
1: appeared.
1: appeared;
1: appears,
1: applause,
1: apply
1: approach
1: arch
1: archbishop
1: arches.
1: are!
1: are!"
1: are,"
1: are;
1: argue.
1: argued
1: arguments
1: arise
1: arm-chair
1: arm-in-arm
1: arms,
1: around,
1: arranged;
1: array
1: arrived,
1: arrow.
1: art,
1: ask!
1: ask.
1: ask."
1: ask:
1: askance--
1: asleep,"
1: asleep.
1: assistance
1: associated)
1: at!'
1: ate
1: attached
1: attempted
1: attended
1: attending!"
1: attends
1: audibly.
1: avail
1: avoid
1: away,"
1: away--you
1: away:
1: awfully
1: axes,"
1: axis----"
1: baby--the
1: baby:
1: baby?"
1: back-somersault
1: backs
1: bad
1: bad,
1: bag,
1: baked
1: balanced
1: balls
1: band,
1: bank--the
1: banks,
1: banquet
1: barking
1: bat!
1: bat,
1: bat?"
1: bathing
1: bats
1: bats,
1: bats?
1: bats?"
1: bawled
1: be!"
1: be'--or
1: be."
1: beak--
1: bear:
1: bear?--Mind
1: beast,
1: beast--
1: beating
1: beating.
1: beauti--FUL
1: beautify
1: becoming.
1: bed!"
1: beds
1: bee_,'
1: been,
1: been.
1: before."
1: began:
1: began:--
1: begged
1: begin,
1: begin?"
1: beginning!"
1: beginning,"
1: begun."
1: beheaded,
1: beheading
1: behind?"
1: believe."
1: believed
1: belong
1: beloved
1: below
1: below!"
1: below,
1: belt
1: bend
1: bend,
1: bent
1: besides
1: besides,
1: best.
1: better,"
1: better."
1: better;"
1: bill,
1: binary,
1: bird,"
1: birds!
1: birds,)
1: birthday
1: bit!"
1: bit,
1: bit."
1: bite,"
1: bite.
1: bitter--and--barley-sugar
1: blacking,
1: blades
1: blame
1: bleeds;
1: blown
1: blows
1: blue
1: boldly:
1: bone
1: bones
1: book-shelves:
1: books,
1: boon,
1: bore
1: bother
1: bottle.
1: bough
1: bowed,
1: bowing
1: box--
1: boxed
1: boy--and
1: brain;
1: branch
1: branches
1: branches,
1: brass
1: brave
1: bread-and-butter----"
1: bread-and-butter.
1: bread-knife."
1: break
1: break.
1: breath.'
1: breathe
1: breathe'!"
1: breathe."
1: breeze
1: bright-eyed
1: bristling
1: broken.
1: brother's
1: brown
1: brown,
1: brush,
1: brushing
1: burning
1: burnt,
1: burst
1: bursting
1: business,
1: business,"
1: business?"
1: business@pglaf.org.
1: butter
1: butter,
1: butter,"
1: buttercup
1: buttered
1: butterfly,
1: buttons,
1: by,
1: by----"
1: by--the
1: cake.
1: cakes
1: cakes,
1: cakes,"
1: calculate
1: calculated
1: calling
1: calmly,
1: camlet._
1: camomile
1: can,"
1: can----"
1: can--but
1: candle.
1: canvas
1: capering
1: card
1: cardboard.)
1: cards!"
1: cards,
1: cards:
1: carrier,"
1: cart-horse,
1: cart-wheels,
1: case,"
1: cat!
1: cat,"
1: cat.
1: cat.)
1: caterpillar,
1: cats!"
1: cats."
1: cats:
1: cats?"
1: cattle
1: cause,
1: cause.
1: cautiously:
1: cease
1: ceiling,
1: centre
1: certain!
1: chains,
1: chanced
1: change.
1: change:
1: changed,
1: character,
1: charges
1: charges.
1: charitable
1: charities
1: chat
1: chatte?"
1: cheap
1: cheated
1: checks,
1: cheeks,
1: cheered.
1: cheerfully
1: cherry-tart,
1: chief
1: child,
1: child,"
1: child-life,
1: child:
1: child;
1: child?"
1: childhood:
1: childish
1: children.
1: children;
1: chimney!"
1: chimney?--Nay,
1: chimneys
1: chin:
1: choice!"
1: choice,
1: choke
1: choking
1: choose
1: choosing
1: chorus,
1: chose
1: chose,"
1: chrysalis--you
1: chuckled.
1: circle,
1: circumstances.
1: civil,
1: claim
1: clamour
1: clapping
1: clasped
1: claws
1: claws,
1: clean
1: cleared
1: clearer
1: clearly
1: clearly,"
1: clever
1: clever?"
1: climb
1: clinging
1: clock
1: clock.
1: close,
1: closely
1: closer
1: closing
1: cloth-of-gold
1: clubs;
1: coast
1: coaxing
1: coaxing.
1: codes
1: coffee,
1: cold
1: collection.
1: colon
1: come.
1: comes,
1: comfits
1: comfits;
1: comfort,
1: comfortable,
1: comfortably
1: coming!"
1: commercial
1: committed
1: common
1: commotion
1: company
1: compilation
1: complained
1: complaining
1: completely.
1: compliance.
1: compressed,
1: computers
1: computers.
1: con-
1: concert
1: concert!"
1: conclusion
1: conclusion,
1: conduct
1: confirmation
1: confirmed
1: confused,
1: confusing."
1: conger-eel,
1: conquest.
1: consented
1: consultation
1: containing
1: contempt.
1: contemptuous
1: content
1: contradicted
1: contributions
1: conversations
1: conversations?"
1: convert
1: corner
1: corner--No,
1: corners:
1: corporation
1: corrupt
1: cost,
1: counting
1: countries
1: couple?"
1: couples;
1: courage
1: courage,
1: courage.
1: course--'_If
1: course."
1: course;
1: course?"
1: court!
1: court!"
1: court,'
1: court._"
1: court;
1: courtiers,
1: courtiers;
1: coward!"
1: crab,
1: crash
1: crash)--"Now,
1: crash,
1: crashed
1: crawled
1: crawling
1: crazy!"
1: creation
1: creatures,
1: creatures,"
1: creatures.
1: credit
1: creep
1: crept
1: crew,
1: cries
1: critical
1: crocodile
1: croquet-ground
1: croquet-ground.
1: croquet?"
1: croqueted
1: croqueting
1: cross,
1: crossly:
1: crouched
1: crown.
1: cruel
1: crumbs
1: crumbs,"
1: crumbs."
1: cry.
1: cucumber-frame,
1: cucumber-frames
1: cun-
1: cup
1: cup,"
1: cur,
1: curious!"
1: curious"
1: curious"_]
1: curious,
1: curious."
1: curiouser!"
1: curls
1: curly
1: currants.
1: current
1: curtain
1: curtsey
1: curving
1: cushion
1: cushion;
1: custard,
1: cute
1: cutting,"
1: dainties
1: daisies,
1: daisy-chain
1: damage
1: damaged
1: damages,
1: damages.
1: dance,"
1: dance?"
1: dancing
1: dancing,"
1: darkness
1: data,
1: dates
1: daughter,
1: day!
1: day!"
1: day,"
1: day----"
1: day-school,
1: day."
1: day:
1: day;
1: days.
1: days."
1: de-
1: deal:
1: dear!'
1: dear,"
1: dear:
1: dear?"
1: dears
1: dears!
1: dears?
1: death.'
1: decidedly
1: declare
1: declare,
1: declared
1: deductible
1: deeds
1: deepest
1: deeply
1: deeply.
1: defective,
1: deft
1: delay
1: deletions
1: delight
1: demand
1: demn
1: denied
1: denied,
1: denies
1: denying
1: derive
1: derived
1: described
1: deserved
1: despair
1: desperate
1: desperately:
1: detach
1: determine
1: diamonds,
1: did!"
1: did.
1: did:
1: didn't,"
1: die.
1: died
1: different,
1: different,"
1: different.
1: difficulties,
1: difficulty,
1: dig
1: diligently
1: dinn----"
1: dinner!"
1: dinner,
1: direction,
1: directions
1: directly
1: directly,
1: directly.
1: disagree
1: disappeared.
1: disappeared;
1: disappointment
1: disclaim
1: disclaimers
1: discontinue
1: discover
1: discovered
1: disgust
1: dish?
1: dishes
1: dishes.
1: disk
1: dismay,
1: disobey,
1: display,
1: displayed,
1: distance
1: distance--but
1: distributed:
1: distributing,
1: dive
1: do.'
1: do:
1: do:--
1: do?"
1: dodged
1: does,
1: does.
1: does."
1: dog's
1: dogs
1: dogs."
1: dogs?"
1: doing!"
1: doing?"
1: don't!"
1: donate
1: donate,
1: donate.
1: donation
1: donations.
1: done.
1: done."
1: donors
1: door--
1: door--I
1: door:
1: door;
1: doorway;
1: dose;
1: doubled-up
1: doubling
1: doubt
1: doubt:
1: doubtfully,
1: doubtfully:
1: down!"
1: down--Here,
1: down:
1: downloading,
1: downwards!
1: downwards,
1: dozing
1: draggled
1: drained
1: draw,
1: draw,"
1: draw?"
1: drawing
1: dreadful
1: dreadful,"
1: dream!"
1: dream,
1: dream-child
1: dream.
1: dream:
1: dreamed
1: dreaming
1: dreams
1: dressed,
1: dried
1: driest
1: drinking.
1: dripping
1: drive
1: drop
1: dropped,
1: dropping
1: drowned
1: dry,
1: dry.
1: duck
1: dull!"
1: dunce?
1: during
1: e-mail)
1: eBook,
1: eagerly.
1: eagerly:
1: ear,
1: earnestly,
1: earnestly.
1: ears--"
1: earth
1: earth!
1: easy.
1: eat'
1: eaten
1: eating
1: eats
1: edict
1: edition.
1: editions,
1: educational
1: educations--in
1: eel
1: eels,
1: effect
1: effect,
1: effect:
1: effort
1: effort,
1: efforts,
1: egg!"
1: eggs
1: eggs,"
1: either!"
1: elbow."
1: elbows
1: elect
1: electronically
1: electronically,
1: elegant
1: eleventh
1: else'--but,
1: else's
1: emphasis,
1: employee
1: empty;
1: encoding:
1: encourage
1: encouraged
1: end,
1: end,"
1: end."
1: end;
1: end?
1: ending
1: energetic
1: engraved
1: enjoy
1: enormous
1: enough!"
1: enough,"
1: enough--I
1: enough."
1: ensuring
1: entrance
1: equipment
1: errors,
1: escape
1: escape!"
1: escape,
1: escape;
1: especially
1: est
1: events
1: ever,
1: ever:
1: ever;
1: everything's
1: evidently
1: exact
1: examining
1: exclaimed,
1: exclaimed.
1: exclamation
1: exclusion
1: execute
1: executed."
1: executes
1: execution--once
1: execution.
1: execution."
1: executioner's
1: executioner,
1: executioner;
1: existence;
1: exists
1: expected:
1: expend
1: expense
1: experiment
1: experiment?"
1: explained,"
1: explanation
1: explanation:
1: exporting
1: expressing
1: expression
1: extent
1: extras?"
1: extremely
1: extremely----"
1: eye,
1: eyelids,
1: eyes--and
1: eyes:
1: eyes;
1: face--and
1: faces.
1: facility:
1: fact.
1: fact."
1: fading
1: failure.
1: faint
1: fair
1: fairly,"
1: fairy-tales,
1: fall,
1: familiarly
1: family
1: fan!
1: fan,
1: fancy--Who's
1: fancying
1: fanned
1: fanning
1: far!"
1: far,
1: far-off
1: farm-yard--while
1: farmer,
1: farther
1: fashion,
1: fashion."
1: faster
1: faster,
1: faster?"
1: fat;
1: father,
1: father;
1: favoured
1: favourite
1: feared
1: feather
1: feather!
1: feathers,
1: feeble
1: feeble,
1: feebly
1: feeling!"
1: feelings
1: feelings.
1: fees,
1: fees.
1: feet!
1: feet!"
1: fellow!"
1: fellow.
1: fellow?
1: fellow?"
1: fellows
1: ferrets
1: ferrets!
1: fidgeted.
1: field
1: fifteen
1: fifth
1: fig?"
1: fighting
1: figure
1: figure!"
1: figure,"
1: figures!"
1: fills
1: financial
1: find?"
1: finds
1: finger,
1: finger;
1: finish,
1: finished,"
1: finished.
1: finished."
1: finishes
1: finishing
1: fire-irons
1: fireplace
1: first!"
1: first--they
1: first--verdict
1: first."
1: fish)--and
1: fish,
1: fishes
1: fit)
1: fit_--'
1: fitted!
1: five
1: fixed
1: flame
1: flamingo,
1: flamingo.
1: flamingo;
1: flamingoes,
1: flapper
1: flappers,
1: flashed
1: flashes
1: flat
1: flat,
1: flavour
1: flinging
1: flock
1: floor:
1: flower-beds
1: flower-pot
1: flown
1: flung
1: flurry
1: flustered
1: fluttered
1: fly
1: fly,
1: fly;
1: folded
1: folding
1: follow,
1: follows:
1: fond--of--of
1: foolish
1: foot!
1: foot,
1: foot.
1: footmen,
1: footsteps
1: footsteps,
1: for."
1: for?'"
1: forepaws
1: fork
1: form,
1: forwards
1: found:
1: fountains,
1: fountains.
1: fourth."
1: free,
1: friend.
1: friendly
1: fright
1: fright.
1: frighten
1: frog
1: frog;
1: from,"
1: from.
1: from:
1: from?"
1: frowning,
1: frying-pan
1: fumbled
1: fun
1: fun!"
1: fun?"
1: fur.
1: furious
1: furiously,
1: furrow
1: furrows;
1: further.
1: further:
1: fury,
1: gain
1: gained
1: gallons
1: game's
1: game,"
1: game.
1: game."
1: games
1: garden!"
1: garden--how
1: garden:
1: garden_.'"
1: gather
1: gay
1: gazing
1: gbnewby@pglaf.org
1: generations
1: generations.
1: gentle
1: gentler
1: get'
1: getting!"
1: girl,"
1: glanced
1: glaring
1: glass.
1: glass.)
1: glass;
1: glide;
1: globe
1: gloomily:
1: gloves--that
1: gloves.
1: gloves:
1: go!
1: go.
1: go?"
1: goals
1: going,
1: gone.
1: good,
1: good-natured,
1: good-naturedly
1: goose!
1: goose,
1: govern
1: graceful
1: grand,
1: grant
1: granted
1: gratefully
1: gravely.
1: gravy,
1: grazed
1: green,
1: grey
1: grin
1: grin,"
1: grin."
1: grinned;
1: grinning
1: grins
1: gross
1: ground,
1: ground--and
1: ground."
1: group
1: growing."
1: growl
1: growled
1: growling,"
1: growls
1: grumbled:
1: grunt,"
1: grunted,
1: guard
1: guess,
1: guests,
1: guide.
1: guilt,
1: guinea-pig
1: guinea-pig,
1: guinea-pigs
1: guinea-pigs!"
1: had!"
1: had)
1: had,
1: hair!
1: hair.'
1: half-past
1: half-tragic._
1: hall
1: hall.
1: hall:
1: hall;
1: hammered
1: hand,"
1: hand.
1: hands;
1: handsome
1: handwriting?"
1: happen,
1: happen,"
1: happen:
1: happened.
1: happened.)
1: happening.
1: happens!"
1: happens.
1: happens;
1: harm
1: harmless
1: haste,
1: hastily;
1: hat,"
1: hatching
1: hate
1: hate--C
1: hatter."
1: hatters
1: haven't,"
1: he'd
1: he'll
1: he's
1: he?"
1: head!
1: head!"_]
1: head!'"
1: head's
1: head--
1: head--Brandy
1: head."
1: head:
1: heads!"
1: heads.
1: heap
1: heard!"
1: hearing.
1: hearth
1: hearts.
1: hedge!"
1: hedge.
1: hedgehog,
1: hedgehog.
1: hedgehogs
1: hedgehogs,
1: hedgehogs;
1: hedges,"
1: heels
1: height.
1: help,
1: helped
1: helpless
1: her,"
1: her_]
1: here!"
1: here:
1: here?_"]
1: hers--she
1: herself:
1: hid
1: hide
1: high).
1: highest
1: him),
1: him,)
1: him--How
1: him--it
1: him;
1: himself,
1: himself:
1: hint
1: hint;
1: hippopotamus,
1: hiss
1: history
1: history.
1: history."
1: hoarse,
1: hoarsely
1: holder
1: holder),
1: holder,
1: holder.
1: holding,
1: holiday."
1: hollow
1: home!
1: home,"
1: home;
1: home?"
1: honest
1: honour!"
1: honour,
1: honour."
1: honour.)
1: honour?
1: hookah,
1: hoped)
1: hopeful
1: hopeless
1: hopes
1: hot,
1: hot-tempered,"
1: hour,
1: hours,
1: house!"
1: housemaid,"
1: houses,
1: howled
1: http://gutenberg.net/license).
1: http://pglaf.org/donate
1: http://pglaf.org/fundraising.
1: http://www.gutenberg.net
1: http://www.gutenberg.org/2/8/8/8/28885/
1: http://www.pglaf.org.
1: humble
1: humbly.
1: humbly:
1: hundred
1: hundreds
1: hung
1: hungry,
1: hurried,
1: hurry,
1: hurry;
1: hurrying
1: hurt,
1: hush!"
1: hypertext
1: idea,"
1: identification
1: identify,
1: idiotic!"
1: if)
1: if--if
1: ignorant
1: imagine
1: imitated
1: immense
1: impatient
1: impatiently
1: impatiently,
1: impatiently:
1: impatiently;
1: impertinent,"
1: implied
1: important,"
1: imposed
1: impossible.
1: in,
1: in.
1: in."
1: in:
1: in;
1: inaccurate
1: incessantly
1: inclined
1: include
1: included.
1: includes
1: incomplete,
1: increasing
1: indeed!--'_I
1: indeed,
1: indeed.
1: indeed:
1: indeed:--
1: indemnify
1: indicate
1: indicating
1: indignant
1: indignantly,
1: indirectly
1: information:
1: infringement,
1: injure
1: ink,
1: inkstand
1: inquired
1: inquisitively,
1: inside,
1: insolence
1: instead!"
1: insult
1: interest
1: interesting,
1: interesting.
1: interpreted
1: interrupt
1: interrupted.
1: interrupted:
1: interrupts
1: introduced
1: invalidity
1: invent
1: invented
1: invited
1: invited,"
1: inwards,
1: irritated
1: is!
1: is--"
1: is--'Be
1: is--'Birds
1: is--'Oh,
1: is--'Take
1: is--'The
1: is--oh
1: is?"
1: isn't,"
1: it!
1: it!"--
1: it!--_That_
1: it"--
1: it----"
1: it--once
1: itself,)
1: itself.
1: jaw,
1: jaws
1: jaws!"
1: jelly-fish
1: jogged
1: joined):
1: journey,
1: joys,
1: judge,"
1: judging
1: jumped;
1: juror
1: jurors."
1: jury,'
1: jury----"
1: jury-box
1: jury-box,"
1: justice
1: keep,
1: kettle
1: key;
1: kick,
1: kill
1: killing
1: kills
1: kind,"
1: kindly
1: kindly,
1: king,"
1: kiss
1: kissed
1: kitchen,
1: kitchen.
1: knee
1: knee.
1: kneel
1: knelt
1: knew)
1: knew,
1: knife
1: knife,
1: knock,
1: knocked.
1: knocking,
1: knot!"
1: knot,
1: know--No
1: know--and
1: knowledge
1: knowledge,
1: knowledge.
1: known
1: knuckles.
1: label
1: label,
1: labelled
1: lad!--Here,
1: ladder?--Why
1: lady,"
1: lamps
1: land.
1: languid,
1: large,
1: larger:
1: largest
1: lark,
1: last!"
1: last:
1: lasted
1: lasted.)
1: late!"
1: late,
1: late."
1: lately,
1: later.
1: laugh;
1: laughed
1: laughed.
1: laughing:
1: laughter.
1: law.
1: law:
1: laws.
1: lazily
1: lazy
1: leaders,
1: leading
1: leant
1: leap
1: learn?"
1: learned
1: least,
1: least--at
1: leaving
1: ledge
1: left,
1: legally
1: leisurely
1: length
1: lessen
1: lesson
1: lesson-book.
1: lesson-books!"
1: lessons!"
1: lessons,
1: lessons:
1: lessons?"
1: lest
1: letters.
1: liability
1: liability,
1: library
1: license
1: licensed
1: licking
1: life!
1: life!"
1: life;
1: lifted
1: like!"
1: like'!"
1: like."
1: like:
1: like?"
1: liked."
1: likes."
1: limbs
1: line
1: line:
1: lines!"
1: lips.
1: list,
1: listen,
1: listened,
1: listeners
1: listening:
1: lit
1: little!
1: little!"
1: little,"
1: little----_'"
1: little.
1: live.
1: livery
1: livery,
1: livery:
1: lives
1: lives.
1: living
1: lobster
1: lobster--"
1: lobsters!"
1: locations
1: locations.
1: lock,
1: locked;
1: locks
1: locks,
1: lodging
1: long,
1: long;
1: longer!"
1: look!
1: look-out
1: looking-glass.
1: looks
1: lose
1: losing
1: lost
1: lost,
1: lost:
1: lot
1: loud.
1: louder
1: loudly.
1: love).
1: loveliest
1: loving
1: low-spirited.
1: low.
1: lower,"
1: lowing
1: lullaby
1: m----"
1: ma
1: machine
1: machines
1: mad,
1: mad--at
1: made.
1: magic
1: magic,
1: main
1: maintaining
1: mallets
1: man
1: man,"
1: man."
1: manage?"
1: managed?
1: managing
1: manner
1: manner,
1: manners
1: maps
1: marched
1: mark;
1: marked,
1: master,
1: matter,"
1: maximum
1: maybe,"
1: mayn't
1: me."
1: me?
1: meal,
1: mean,
1: meaning.
1: means,
1: means--to--make--anything--prettier."
1: means."
1: meant,"
1: meanwhile
1: measure
1: meat,
1: meekly
1: meekly:
1: meeting
1: memorandum
1: memory,
1: merrily
1: merry
1: method
1: methods
1: mice,
1: mice----oh,
1: middle-aged
1: middle.
1: might,
1: milk
1: milk-jug
1: mind!"
1: mind,"
1: mind."
1: minded
1: minding
1: mine,
1: mine,"
1: mine--a
1: mineral,
1: minute!"
1: mischief,
1: miss
1: mistake;
1: moderate.
1: modern,
1: modification,
1: modified
1: moment!"
1: moment.
1: moment:
1: month
1: month,
1: moon,
1: moral,
1: morals
1: more!"
1: more--As
1: more.
1: more."
1: more:
1: more;
1: morn-
1: morning,"
1: morning?
1: morsel
1: mostly
1: mostly,"
1: mournful
1: mournfully.
1: mouse!")
1: mouse--O
1: mouse--a
1: mouse--of
1: mouse--to
1: mouse-hole
1: mouse-traps,
1: mouse;
1: mouse?
1: mouth;
1: mouths
1: mouths--and
1: mouths.
1: mouths;
1: move.
1: moved.
1: much.
1: muchness'--did
1: muchness--you
1: muchness?"
1: muddle
1: murder
1: murdering
1: muscular
1: mushroom,"
1: music,
1: must,"
1: mustard-mine
1: myself,
1: myself."
1: mystic
1: name,
1: name:
1: named
1: names
1: names,"
1: narrow
1: narrow,
1: nasty,
1: natural);
1: naught
1: near.
1: nearer,
1: neat
1: necessarily
1: neck,
1: need
1: needs
1: neighbour
1: neighbouring
1: nervous,
1: nest.
1: network
1: never!
1: never!"
1: never-ending
1: nevertheless
1: new,
1: newsletter
1: newspapers,
1: next!"
1: nial:
1: night
1: night!
1: night-air
1: night?
1: ning
1: no!"
1: nodded.
1: noises,
1: non
1: none,
1: nonproprietary
1: nonsense,"
1: nonsense.
1: nonsense."
1: nose
1: nose";
1: nose--
1: nose.
1: nose;
1: not!"
1: not;"
1: not?"
1: note-book
1: note-book,
1: nothing."
1: nothing:
1: nothing;
1: noticed,
1: noticing
1: notifies
1: now!
1: now--Don't
1: now--but
1: now.
1: now?
1: numerous
1: nurse
1: nurse!
1: nurse--and
1: oars,
1: oblong
1: obsolete,
1: obstacle
1: occasional
1: occasionally;
1: occur:
1: odd
1: of)
1: off).
1: off,"
1: off."
1: off;
1: off?"
1: off_]
1: offend
1: offended!"
1: offended,
1: offended.
1: offers
1: officer
1: officers;
1: oh
1: ointment--one
1: oldest
1: on!'
1: on:--
1: on;
1: on?
1: on_'--that
1: one!
1: one's
1: one--but
1: one--the
1: one?"
1: ones
1: oneself
1: onions."
1: only,
1: open,
1: opened,
1: opinion,"
1: opportunities
1: opposite
1: order,"
1: ordered,"
1: ordered.
1: organized
1: original
1: originator
1: other--Bill!
1: other."
1: others!"
1: otherwise,
1: otherwise.'"
1: ought!
1: ourselves,
1: out--
1: out.'
1: outdated
1: outside,
1: outside,"
1: outside.
1: over"
1: over"_]
1: over)
1: over;
1: overcome
1: overhead;
1: owed
1: own.
1: owner,
1: oyster!"
1: pace,"
1: pack,
1: page_
1: pages
1: paint
1: pairs
1: panted
1: paper.
1: paperwork
1: pardon,
1: pardon,"
1: pardoned."
1: parenthesis
1: part."
1: particular--Here,
1: particular.
1: particular;
1: particularly
1: partner!"
1: partners----"
1: parts
1: party.
1: pass
1: passage
1: passage:
1: passed;
1: passing
1: passion.
1: passionate
1: past
1: patience
1: patiently
1: patiently.
1: patriotic
1: patted
1: pattern
1: pause.
1: pause:
1: paused
1: paw
1: paws!
1: paws.
1: pay
1: peeping
1: peering
1: pegs.
1: pen
1: pence.
1: pencil
1: pencils
1: people!
1: people,"
1: people.
1: pepper-box
1: perennial;
1: perform,
1: performances
1: performed,
1: perhaps,"
1: perhaps?"
1: period
1: periodic
1: permanent
1: permission.
1: persisted
1: persisted.
1: person!"
1: person,
1: persons
1: pet:
1: picture.)
1: pictured
1: pie
1: pie-crust,
1: pie:
1: pieces.
1: pig-baby
1: pigeon
1: pigs
1: pigs,
1: pilgrim's
1: pinch
1: pineapple,
1: pink
1: piteous
1: pitied
1: pity
1: pity!'?"
1: pity.
1: placed
1: places!"
1: places--_all_,"
1: plainly
1: plan
1: plan!"
1: plan,
1: plan."
1: planning
1: plate.
1: plates
1: plates,
1: played
1: pleasant
1: pleasanter
1: please!
1: please:
1: pleased,
1: pleased.
1: pleases!"
1: pleasing
1: plenty
1: plied,
1: pocket
1: pocket)
1: pocket?"
1: pointed
1: poker
1: poky
1: politely
1: politely.
1: politely;
1: pool--she
1: pool?
1: pop
1: pope,
1: porpoise
1: porpoise,
1: porpoise."
1: porpoise?'"
1: positively
1: possessed
1: possession.
1: possible
1: pounds!
1: pour
1: poured
1: powdered
1: practically
1: practice
1: prepare
1: prepare)
1: present
1: present!"
1: present--at
1: presented
1: preserve
1: pressing
1: pretence
1: pretend
1: pretending
1: pretexts
1: pretty
1: previous
1: principal
1: print
1: prison,"
1: prisoner
1: prisoner's
1: prize
1: prizes.
1: prizes."
1: prizes?"
1: problem.
1: proceed,"
1: proceed.
1: processing
1: procession,"
1: processions;
1: produce
1: producing
1: production,
1: profit
1: profits
1: prohibition
1: promise.
1: promised
1: promising,
1: promotion
1: pronounced
1: proofread
1: proposal.
1: proprietary
1: prose-
1: protection.
1: provide,
1: provision
1: provisions.
1: provoking
1: puffed
1: pulled
1: pulling
1: pun!"
1: punching
1: punished
1: puppy's
1: puppy;
1: purple.
1: purpose
1: purring
1: purring,
1: pursue
1: puzzle!"
1: puzzled,
1: puzzled.)
1: quaint
1: quarrel
1: quarrelled
1: queer,
1: queer-looking
1: queer-shaped
1: queerest
1: question,"
1: question;
1: question?"
1: questions,
1: questions.
1: quick
1: quicker.
1: quietly,
1: quiver
1: quote
1: rabbit
1: rabbit!
1: rabbit-hole--and
1: rabbits.
1: race-course,
1: rags
1: railway
1: railway,"
1: raising
1: ran,
1: ran.
1: ran;
1: rapidly:
1: rapidly;
1: rapped
1: rat-hole:
1: rate!
1: rate,"
1: rate:
1: rats
1: rattle
1: raven
1: ravens
1: raw."
1: re-draped
1: read,
1: readily:
1: reading,
1: ready?
1: reality--the
1: really?"
1: rearing
1: reason,
1: reasons.
1: receiving
1: recognised
1: red-hot
1: red.
1: redistribute
1: redistributing
1: redistribution.
1: reduced
1: reeds--the
1: refreshments!"
1: refused
1: regulating
1: relieved
1: remarked
1: remarked,
1: remarked;
1: remarks
1: remarks,
1: remarks,"
1: remedies----"
1: remembering
1: reminding
1: remove
1: removed
1: removed!"
1: removed,"
1: removed.
1: renamed.
1: repeated,
1: repeated:
1: replace
1: reply
1: reply,
1: reported
1: reports,
1: representations
1: request,
1: require
1: required
1: requirements,
1: requirements.
1: research
1: research.
1: resource,
1: respect.
1: respectable
1: respectful
1: rest,
1: result
1: retire
1: returning,
1: returns.
1: rich
1: riddle
1: riddles
1: riddles.--I
1: ridge
1: ridges
1: ridiculous
1: right!"
1: right;
1: right?"
1: rightly
1: ringlets
1: ringlets,
1: riper
1: rippling
1: rise
1: rises
1: rising
1: roared
1: roast
1: rock,
1: roof.
1: room!
1: room,
1: room.
1: roots
1: rope--Will
1: rose-tree
1: rose-tree;
1: roses
1: roses.
1: roses?"
1: roughly
1: round!'"
1: royalties
1: royalties.
1: royalty
1: rubbed
1: rude,
1: rude."
1: rudeness
1: rule,
1: rule:
1: rules,
1: rumbling
1: rushed
1: rustled
1: rustling
1: s/he
1: sad?"
1: sadly:--
1: sage,
1: said,"
1: said,)
1: said;
1: sand
1: sands
1: saucepans,
1: saucer
1: savage!"
1: saves
1: saw.
1: say!"
1: say--that's
1: say.
1: say.)
1: say?"
1: saying."
1: scale!
1: scaly
1: scattered
1: school,"
1: schoolroom,
1: scolded
1: score
1: scrambling
1: scratching
1: scream
1: scream,
1: screaming
1: scroll
1: scroll,
1: scurried
1: sea,"
1: sea--"
1: sea-shore----"
1: sea."
1: seaside
1: seated
1: secret,
1: secure
1: see!"
1: see'!"
1: see,"
1: see--how
1: see."
1: seeing
1: seem,
1: seems,"
1: seen,
1: seen--everything
1: seen:
1: seldom
1: sell
1: sell,"
1: send
1: sends
1: sensation
1: sensation,
1: sense
1: sentence,
1: sentenced
1: series
1: seriously,
1: serpent!"
1: serpent.
1: serpent;
1: serpent?"
1: serpents!
1: settle
1: settling
1: seven
1: severely,
1: severely.
1: severity;
1: sh!"
1: sha'n't!
1: shade:
1: shake
1: shall!"
1: shan't
1: shape
1: sharks
1: sharply,
1: she'd
1: shedding
1: sheep-bells,
1: shelves
1: shepherd
1: shifting
1: shilling
1: shillings
1: shingle--will
1: shining
1: shiny?"
1: shiver.
1: shock
1: shoes!"
1: shoes.
1: shoes_,"
1: shore.
1: shorter,
1: shorter."
1: shoulder,
1: shoulders,
1: shoulders.
1: shrieked
1: shrieks,
1: shrimp
1: shrink
1: shut.
1: shyly,
1: sigh,
1: sigh.
1: sighing.
1: sight.
1: sight;
1: sign
1: signifies
1: signify:
1: silence:
1: simpleton."
1: simply--'Never
1: sing,"
1: sing?"
1: singers
1: singers.
1: single
1: sink
1: sir----"
1: sister's
1: sister.
1: sisters,"
1: sisters--they
1: sits
1: sixpence.
1: size,
1: size,"
1: size?
1: sizes
1: skill,
1: skimming
1: skirt,
1: sky
1: sky!
1: sky-rocket!"
1: slate
1: slate--Oh,
1: slate-pencil,
1: slate.
1: slates.
1: slates;
1: sleep'
1: sleep,
1: sleepy,
1: sleepy;
1: slightest
1: slipped,
1: slippery;
1: sluggard_,'"
1: small,
1: small.
1: smile.
1: smile:
1: smoke
1: snail
1: snappishly.
1: sneeze
1: sneeze,
1: sneezed
1: sneezes:
1: sneezes;
1: sneezing,
1: sneezing.
1: snorting
1: snout
1: so--and
1: sob,
1: sobbed
1: sobbing,"
1: sobs,
1: sobs.
1: soft
1: softly
1: soldier
1: solemnly,
1: solemnly.
1: solicitation
1: solid
1: somebody."
1: somehow
1: somersault
1: something!"
1: something,
1: something;
1: sometimes,
1: somewhere
1: somewhere."
1: son,
1: song
1: song.
1: song?"
1: soon.
1: soothing
1: sorrow,
1: sorrow?"
1: sorrows,
1: sorry
1: sort!"
1: sort,"
1: sort.
1: sound."
1: soup
1: soup!"
1: soup,
1: soup.
1: sour--and
1: spades,
1: speak--and
1: speak.
1: speak?"
1: specific
1: spectacles
1: spectacles,
1: spectacles.
1: speech
1: speech,
1: speech.
1: speed
1: spell
1: spite
1: splash!
1: splashed
1: splendidly
1: spoke--fancy
1: spoke;
1: spoken.
1: spoon:
1: spot."
1: sprawling
1: spreading
1: spreads
1: squeaked.
1: squeeze
1: squeezed
1: staff.
1: stairs!
1: stairs!"
1: stairs,
1: stairs.
1: stalk
1: stand,
1: standing
1: star-fish,"
1: start
1: state's
1: statements
1: station.)
1: stay!"
1: stay)
1: stays
1: steady
1: steam-engine
1: steer,
1: sternly.
1: sticks
1: stiff.
1: stingy
1: stir
1: stockings
1: stool
1: stoop
1: stoop?
1: stop.
1: stop."
1: stopping
1: stored,
1: stories
1: story,"
1: story.
1: story."
1: straightened
1: straightening
1: strange,
1: strength,
1: stretching
1: strings:
1: strove
1: stuff
1: stuff,"
1: stuff?
1: stupid
1: stupid!"
1: stupid)
1: stupidest
1: stupidly
1: subdued
1: subject!
1: subject,"
1: subjects
1: submitted
1: subscribe
1: suddenly,
1: suet;
1: sugar
1: sulky,
1: sun,
1: supple
1: support.
1: suppose,
1: suppose."
1: suppressed.
1: sure!
1: sure,
1: sure;
1: surprise
1: surprised,
1: survive
1: swallow
1: swallowed
1: swallowing
1: swamp
1: sweet-tempered.
1: swim.
1: swim_--'
1: synonymous
1: table,"
1: table:
1: tail;
1: take,
1: tale!"
1: tale,
1: talk!"
1: talk,"
1: talk.
1: talk:
1: talking!
1: talking!"
1: taller
1: taller,
1: tarts?_]
1: tasted----"
1: tastes!
1: taxes.
1: tea,
1: tea----"
1: tea--not
1: tea-party
1: tea-things
1: tea-time,
1: tea-time.
1: tea-tray
1: tea.
1: tea;
1: teaching
1: teapot.
1: tears!
1: teases."
1: teaspoon
1: teeth,
1: telescope
1: telescope!
1: telescope."
1: telescopes:
1: temper
1: temper!"
1: temper,
1: temper,"
1: temper.
1: terribly
1: terrier,
1: terror.
1: thank
1: thanked
1: that--only
1: that;
1: that?--It
1: thatched
1: the----"
1: theirs,
1: them--"I
1: them----"
1: them--all
1: them:
1: themselves.'"
1: then!
1: then--I
1: then--always
1: then?
1: then?"
1: there,
1: they've
1: thick
1: thimble,"
1: thimble;"
1: thin--and
1: thing's
1: thing.
1: things!
1: things----"
1: things--I
1: things--everything
1: things?"
1: think!
1: think!"
1: think,
1: think----"
1: think."
1: think:
1: thirteen,
1: thirty
1: this),
1: this,"
1: this.
1: this;
1: this?"
1: thistle
1: thistle,
1: though),
1: though,
1: though.
1: thought),
1: thought:
1: thought;
1: thoughtfully
1: thoughtfully:
1: three,
1: three."
1: throat!"
1: throat,"
1: throne
1: through,"
1: throughout
1: thrown
1: thunder,
1: thunderstorm.
1: tide
1: tidy
1: tie
1: tight
1: time!"
1: time--"
1: time."
1: time?"
1: timidly.
1: timidly:
1: timidly;
1: tiniest
1: tinkling
1: tipped
1: tittered
1: to,"
1: to----"
1: to--to
1: to-day!
1: to-day.
1: to-day."
1: to-day?"
1: to-morrow----"
1: to-night,
1: to."
1: to?
1: toast,)
1: toes
1: toes.
1: toes?"
1: together!"
1: together,
1: together."
1: together.'"
1: together:
1: together?
1: tongue
1: tongue,
1: tongues
1: too,
1: too,"
1: too."
1: too:
1: tops
1: topsy-turvy
1: toss
1: touch
1: tougher
1: towards
1: toys
1: trampled
1: transcribe
1: transcription
1: treacle,"
1: treacle-well--eh,
1: treacle-well."
1: treat.
1: treated
1: treatment
1: tree.
1: trees.
1: tremble.
1: tremulous
1: trial,
1: trial."
1: trial;
1: trials,
1: trickling
1: tricks
1: tried.
1: triumphantly,
1: triumphantly.
1: trot
1: trouble!"
1: trouble,
1: true):
1: true,"
1: true.
1: true.)
1: true_--'
1: trumpet
1: trusts
1: truth:
1: truthful
1: trying,
1: trying----"
1: trying."
1: tulip-roots
1: tumbled
1: tunnel
1: tureen!
1: turkey,
1: turn-up
1: turn;
1: turns
1: turtles
1: turtles,
1: tut,
1: twelfth?"
1: twelve,
1: twelve?
1: twentieth
1: twenty
1: twenty-four
1: twice
1: twice----"
1: twined
1: twinkle----'"
1: twinkle_----"
1: twinkled
1: twinkling!
1: two.
1: two:
1: two_--'
1: types
1: uglify
1: uglifying!"
1: ugly
1: ugly;
1: unable
1: uncivil.
1: uncomfortable
1: uncomfortable,
1: uncomfortably
1: uncommon
1: uncommonly
1: uncorked
1: underneath
1: underneath,
1: understand,
1: understand,"
1: understand.
1: understood
1: undertone
1: undertone,"important--unimportant--unimportant--important----"
1: undo
1: undoing
1: uneasily
1: uneasily,
1: uneasy:
1: unenforceability
1: unhappy
1: unhappy.
1: uniform
1: unjust
1: unlink
1: unlocking
1: unsolicited
1: untwist
1: unwillingly
1: up!"
1: up:
1: upright
1: upset,
1: upsetting
1: us!'"
1: us,"
1: us.
1: use,
1: used--and
1: user,
1: usual
1: usual,
1: usual,"
1: usurpation
1: vague
1: vain
1: vanished.
1: vanishing
1: variations.
1: variety
1: vegetable.
1: velvet
1: verse
1: verse."
1: verses."
1: verses:--
1: version
1: viewed,
1: viewing,
1: vinegar
1: violates
1: violence
1: virus,
1: visit
1: visit:
1: voice--the
1: voice;
1: voices--"Hold
1: void
1: volunteer
1: vote
1: vulgar
1: wag
1: wags
1: waist,"
1: waistcoat-pocket,
1: waistcoat-pocket_,
1: wait,
1: waiting!"
1: walk!'
1: walks
1: walrus
1: wander
1: wandering
1: wandering,
1: wanderings
1: warning,"
1: warranties
1: was!
1: was!"
1: was)
1: was."
1: washing
1: washing?"
1: washing_--extra.'"
1: wast-
1: watch!"
1: watch,"
1: water,
1: water-well,"
1: water.
1: waters
1: way!
1: way----"
1: way--never
1: way:--
1: way?
1: way?"
1: ways
1: we're
1: wearily.
1: weary
1: weather,
1: week:
1: weeks!"
1: welcomes
1: well!
1: well----"
1: wells
1: wept
1: were.
1: weren't
1: wet
1: wet,
1: what?
1: what?"
1: whatever
1: whatever,"
1: whenever
1: where----"
1: where."
1: whereupon
1: which),
1: which?"
1: whiles."
1: whilst
1: whiskers!
1: whiskers,
1: whiskers."
1: whisper
1: whisper,
1: whisper.)
1: whispered,
1: whispers
1: whistle
1: whistling.
1: white,
1: white;
1: whiting!"
1: whiting.
1: whiting?"
1: why.
1: wide,
1: wider.
1: wife;
1: wig,
1: wig."
1: win,
1: window!"
1: window."
1: window?"
1: wings.
1: winter
1: with,
1: with----"
1: with.
1: with."
1: with;
1: with?"
1: wither'd
1: within--a
1: without--Maybe
1: witness,"
1: witness.
1: wits!"
1: woke
1: woman--but
1: woman;
1: won't!"
1: won't"
1: won't,
1: won?"_
1: wondered
1: wonders
1: wood,
1: wood,"
1: wood--(she
1: wooden
1: word)
1: words,
1: words,"
1: words."
1: words:--
1: wore
1: works!"
1: world!
1: worm.
1: worried.
1: worry
1: worse.
1: would,
1: would,"
1: wrapping
1: wreath
1: wriggling
1: wrinkle
1: writing-desk?"
1: writing-desks,
1: wrong!"
1: yards
1: yawning
1: yawning.
1: ye;
1: years
1: yelled
1: yelp
1: yesterday,
1: yet!"
1: yet--Oh!
1: yet--and
1: yet--it's
1: you!)
1: you"
1: you--all
1: you--are
1: you.
1: you."
1: you:
1: you?_'--What,
1: you_,'"
1: yours
1: yours.'"
1: yourself!"
1: yourself,"
1: zigzag,
